<?xml version="1.0" encoding="UTF-8"?>
<testng-results skipped="0" failed="0" total="2" passed="2">
  <reporter-output>
  </reporter-output>
  <suite name="Suite" duration-ms="4161" started-at="2017-09-26T23:38:32Z" finished-at="2017-09-26T23:38:36Z">
    <groups>
    </groups>
    <test name="Test" duration-ms="4161" started-at="2017-09-26T23:38:32Z" finished-at="2017-09-26T23:38:36Z">
      <class name="WedriverTest.WedriverTest.Test1">
        <test-method status="PASS" signature="TC1()[pri:0, instance:WedriverTest.WedriverTest.Test1@26653222]" name="TC1" duration-ms="2710" started-at="2017-09-26T16:38:32Z" finished-at="2017-09-26T16:38:35Z">
          <reporter-output>
          </reporter-output>
        </test-method> <!-- TC1 -->
        <test-method status="PASS" signature="TC2()[pri:0, instance:WedriverTest.WedriverTest.Test1@26653222]" name="TC2" duration-ms="1425" started-at="2017-09-26T16:38:35Z" finished-at="2017-09-26T16:38:36Z">
          <reporter-output>
          </reporter-output>
        </test-method> <!-- TC2 -->
      </class> <!-- WedriverTest.WedriverTest.Test1 -->
    </test> <!-- Test -->
  </suite> <!-- Suite -->
</testng-results>
