<?xml version="1.0" encoding="UTF-8"?>
<testng-results skipped="0" failed="0" total="2" passed="2">
  <reporter-output>
  </reporter-output>
  <suite name="Default suite" duration-ms="4955" started-at="2017-09-30T01:49:26Z" finished-at="2017-09-30T01:49:31Z">
    <groups>
    </groups>
    <test name="Default test" duration-ms="4955" started-at="2017-09-30T01:49:26Z" finished-at="2017-09-30T01:49:31Z">
      <class name="WedriverTest.WedriverTest.Test1">
        <test-method status="PASS" signature="TC1()[pri:0, instance:WedriverTest.WedriverTest.Test1@26653222]" name="TC1" duration-ms="3290" started-at="2017-09-29T18:49:26Z" finished-at="2017-09-29T18:49:29Z">
          <reporter-output>
          </reporter-output>
        </test-method> <!-- TC1 -->
        <test-method status="PASS" signature="TC2()[pri:0, instance:WedriverTest.WedriverTest.Test1@26653222]" name="TC2" duration-ms="1641" started-at="2017-09-29T18:49:29Z" finished-at="2017-09-29T18:49:31Z">
          <reporter-output>
          </reporter-output>
        </test-method> <!-- TC2 -->
      </class> <!-- WedriverTest.WedriverTest.Test1 -->
    </test> <!-- Default test -->
  </suite> <!-- Default suite -->
</testng-results>
